<beans xmlns="http://www.springframework.org/schema/beans"
  xmlns:xsi="http://www.w3.org/2001/XMLSchema-instance"
  xmlns:jpa="http://www.springframework.org/schema/data/jpa"
  xmlns:tx="http://www.springframework.org/schema/tx"
  xmlns:p="http://www.springframework.org/schema/p"
  xmlns:context="http://www.springframework.org/schema/context"
  xmlns:jee="http://www.springframework.org/schema/jee"
  xsi:schemaLocation="http://www.springframework.org/schema/beans 
    http://www.springframework.org/schema/beans/spring-beans-3.0.xsd
    http://www.springframework.org/schema/data/jpa 
    http://www.springframework.org/schema/data/jpa/spring-jpa-1.0.xsd
    http://www.springframework.org/schema/tx 
    http://www.springframework.org/schema/tx/spring-tx-3.1.xsd
    http://www.springframework.org/schema/context 
    http://www.springframework.org/schema/context/spring-context-3.1.xsd
    http://www.springframework.org/schema/jee
    http://www.springframework.org/schema/jee/spring-jee-3.0.xsd">	    
	    
	<jpa:repositories base-package="com.webback.persistence.repository" />
	
    <context:component-scan base-package="com.webback.persistence.mapper" />
    <context:component-scan base-package="com.webback.persistence.repository" />
    <context:component-scan base-package="com.webback.persistence.service" />
    
    <bean id="dataSource"
        class="org.springframework.jdbc.datasource.DriverManagerDataSource"
        p:driverClassName="com.mysql.cj.jdbc.Driver"
        p:url="jdbc:mysql://localhost:3306/web_test_db"
        p:username="root"
        p:password="JasperNewton!" /> 

  <!-- Create default configuration for Hibernate -->
  <bean id="hibernateJpaVendorAdapter" 
    class="org.springframework.orm.jpa.vendor.HibernateJpaVendorAdapter"/>

  <!-- Configure the entity manager factory bean -->
  <bean id="entityManagerFactory" 
    class="org.springframework.orm.jpa.LocalContainerEntityManagerFactoryBean">
    <property name="dataSource" ref="dataSource"/>
    <property name="jpaVendorAdapter" ref="hibernateJpaVendorAdapter"/>
    <!-- Set JPA properties -->
    <property name="jpaProperties">
      <props>
        <prop key="hibernate.dialect">org.hibernate.dialect.MySQL5InnoDBDialect</prop>
        <prop key="javax.persistence.schema-generation.database.action">none</prop>
        <prop key="hibernate.ejb.use_class_enhancer">true</prop>
      </props>
    </property>
    <!-- Set base package of your entities -->
    <property name="packagesToScan" value="com.webback.persistence.model"/>
    <!-- Set share cache mode -->
    <property name="sharedCacheMode" value="ENABLE_SELECTIVE"/>
    <!-- Set validation mode -->
    <property name="validationMode" value="NONE"/>
  </bean>

  <!-- Configure the transaction manager bean -->
  <bean id="transactionManager" 
    class="org.springframework.orm.jpa.JpaTransactionManager">
    <property name="entityManagerFactory" ref="entityManagerFactory"/>
  </bean>
</beans>